#
# There is insufficient memory for the Java Runtime Environment to continue.
# Native memory allocation (malloc) failed to allocate 1555536 bytes for Chunk::new
# Possible reasons:
#   The system is out of physical RAM or swap space
#   In 32 bit mode, the process size limit was hit
# Possible solutions:
#   Reduce memory load on the system
#   Increase physical memory or swap space
#   Check if swap backing store is full
#   Use 64 bit Java on a 64 bit OS
#   Decrease Java heap size (-Xmx/-Xms)
#   Decrease number of Java threads
#   Decrease Java thread stack sizes (-Xss)
#   Set larger code cache with -XX:ReservedCodeCacheSize=
# This output file may be truncated or incomplete.
#
#  Out of Memory Error (allocation.cpp:390), pid=1644, tid=0x0000000000003440
#
# JRE version: Java(TM) SE Runtime Environment (8.0_191-b12) (build 1.8.0_191-b12)
# Java VM: Java HotSpot(TM) 64-Bit Server VM (25.191-b12 mixed mode windows-amd64 compressed oops)
# Failed to write core dump. Minidumps are not enabled by default on client versions of Windows
#

---------------  T H R E A D  ---------------

Current thread (0x00000000183d2800):  JavaThread "C2 CompilerThread2" daemon [_thread_in_native, id=13376, stack(0x0000000019c30000,0x0000000019d30000)]

Stack: [0x0000000019c30000,0x0000000019d30000]
[error occurred during error reporting (printing stack bounds), id 0xc0000005]

Native frames: (J=compiled Java code, j=interpreted, Vv=VM code, C=native code)


Current CompileTask:
C2: 125803 12608       4       java.lang.Class::privateGetPublicMethods (267 bytes)


---------------  P R O C E S S  ---------------

Java Threads: ( => current thread )
  0x00000000214b7000 JavaThread "Cache worker for execution history cache (C:\Users\ACER\Downloads\OnlineProductsApp\.gradle\5.6.4\executionHistory)" [_thread_blocked, id=14252, stack(0x000000002a590000,0x000000002a690000)]
  0x00000000214b8800 JavaThread "Execution worker for ':' Thread 11" [_thread_blocked, id=15640, stack(0x000000002a290000,0x000000002a390000)]
  0x00000000214b1000 JavaThread "Execution worker for ':' Thread 10" [_thread_blocked, id=400, stack(0x000000002a190000,0x000000002a290000)]
  0x00000000214b6000 JavaThread "Execution worker for ':' Thread 9" [_thread_blocked, id=14464, stack(0x000000002a090000,0x000000002a190000)]
  0x00000000214b5800 JavaThread "Execution worker for ':' Thread 8" [_thread_blocked, id=13408, stack(0x0000000029f90000,0x000000002a090000)]
  0x00000000214b4800 JavaThread "Execution worker for ':' Thread 7" [_thread_blocked, id=9396, stack(0x0000000029e90000,0x0000000029f90000)]
  0x00000000214af800 JavaThread "Execution worker for ':' Thread 6" [_thread_blocked, id=13472, stack(0x0000000029d90000,0x0000000029e90000)]
  0x00000000214ae800 JavaThread "Execution worker for ':' Thread 5" [_thread_blocked, id=16264, stack(0x0000000029c90000,0x0000000029d90000)]
  0x00000000214ad000 JavaThread "Execution worker for ':' Thread 4" [_thread_in_Java, id=1648, stack(0x0000000029b90000,0x0000000029c90000)]
  0x00000000214b4000 JavaThread "Execution worker for ':' Thread 3" [_thread_blocked, id=11240, stack(0x0000000029a90000,0x0000000029b90000)]
  0x00000000214b3000 JavaThread "Execution worker for ':' Thread 2" [_thread_blocked, id=5308, stack(0x0000000029990000,0x0000000029a90000)]
  0x00000000214b1800 JavaThread "Execution worker for ':'" [_thread_blocked, id=4836, stack(0x0000000029890000,0x0000000029990000)]
  0x00000000214b0000 JavaThread "Cache worker for file content cache (C:\Users\ACER\Downloads\OnlineProductsApp\.gradle\5.6.4\fileContent)" [_thread_blocked, id=5652, stack(0x0000000029040000,0x0000000029140000)]
  0x00000000214ac800 JavaThread "Cache worker for file content cache (C:\Users\ACER\.gradle\caches\5.6.4\fileContent)" [_thread_blocked, id=11300, stack(0x00000000283f0000,0x00000000284f0000)]
  0x00000000214ae000 JavaThread "Cache worker for Build Output Cleanup Cache (C:\Users\ACER\Downloads\OnlineProductsApp\.gradle\buildOutputCleanup)" [_thread_blocked, id=11328, stack(0x0000000025fd0000,0x00000000260d0000)]
  0x00000000214b2800 JavaThread "Build operations Thread 12" [_thread_blocked, id=15632, stack(0x0000000025550000,0x0000000025650000)]
  0x000000001a1b1800 JavaThread "Build operations Thread 11" [_thread_blocked, id=3160, stack(0x0000000024c50000,0x0000000024d50000)]
  0x000000001a1b1000 JavaThread "Build operations Thread 10" [_thread_blocked, id=16868, stack(0x0000000024b50000,0x0000000024c50000)]
  0x000000001a1b3000 JavaThread "Build operations Thread 9" [_thread_blocked, id=9992, stack(0x0000000024a50000,0x0000000024b50000)]
  0x000000001a1b0000 JavaThread "Build operations Thread 8" [_thread_blocked, id=11132, stack(0x0000000024950000,0x0000000024a50000)]
  0x000000001b470800 JavaThread "Build operations Thread 7" [_thread_blocked, id=12620, stack(0x0000000024850000,0x0000000024950000)]
  0x000000001b469000 JavaThread "Build operations Thread 6" [_thread_blocked, id=15692, stack(0x0000000024750000,0x0000000024850000)]
  0x000000001b46f800 JavaThread "Build operations Thread 5" [_thread_blocked, id=16032, stack(0x0000000024650000,0x0000000024750000)]
  0x000000001b46c800 JavaThread "Build operations Thread 4" [_thread_blocked, id=17088, stack(0x0000000024550000,0x0000000024650000)]
  0x000000001b468000 JavaThread "Build operations Thread 3" [_thread_blocked, id=8928, stack(0x0000000024450000,0x0000000024550000)]
  0x000000001b46c000 JavaThread "Build operations Thread 2" [_thread_blocked, id=10444, stack(0x0000000024350000,0x0000000024450000)]
  0x000000001b46e000 JavaThread "Build operations" [_thread_blocked, id=7012, stack(0x0000000024250000,0x0000000024350000)]
  0x000000001b46f000 JavaThread "Cache worker for cache directory md-rule (C:\Users\ACER\.gradle\caches\5.6.4\md-rule)" [_thread_blocked, id=9680, stack(0x0000000024150000,0x0000000024250000)]
  0x000000001b471000 JavaThread "Cache worker for cache directory md-supplier (C:\Users\ACER\.gradle\caches\5.6.4\md-supplier)" [_thread_blocked, id=7856, stack(0x0000000022170000,0x0000000022270000)]
  0x000000001b46d800 JavaThread "Cache worker for file hash cache (C:\Users\ACER\Downloads\OnlineProductsApp\.gradle\5.6.4\fileHashes)" [_thread_blocked, id=12400, stack(0x0000000021e70000,0x0000000021f70000)]
  0x000000001b465000 JavaThread "Thread-47" [_thread_blocked, id=2088, stack(0x0000000020580000,0x0000000020680000)]
  0x000000001b46b000 JavaThread "Stdin handler" [_thread_blocked, id=14448, stack(0x000000001da60000,0x000000001db60000)]
  0x000000001b463800 JavaThread "Asynchronous log dispatcher for DefaultDaemonConnection: socket connection from /127.0.0.1:53591 to /127.0.0.1:53814" [_thread_blocked, id=2352, stack(0x000000001d760000,0x000000001d860000)]
  0x000000001b46a800 JavaThread "Daemon worker Thread 2" [_thread_blocked, id=17008, stack(0x000000001d660000,0x000000001d760000)]
  0x000000001b469800 JavaThread "Cancel handler" [_thread_blocked, id=9468, stack(0x000000001d260000,0x000000001d360000)]
  0x000000001b467800 JavaThread "Handler for socket connection from /127.0.0.1:53591 to /127.0.0.1:53814" [_thread_in_native, id=13564, stack(0x000000001d160000,0x000000001d260000)]
  0x000000001b464800 JavaThread "Daemon Thread 2" [_thread_blocked, id=7100, stack(0x0000000000e30000,0x0000000000f30000)]
  0x000000001b462000 JavaThread "Memory manager" [_thread_blocked, id=14980, stack(0x00000000260d0000,0x00000000261d0000)]
  0x000000001a1ae000 JavaThread "Cache worker for execution history cache (C:\Users\ACER\.gradle\caches\5.6.4\executionHistory)" [_thread_blocked, id=5544, stack(0x0000000022270000,0x0000000022370000)]
  0x000000001a1af800 JavaThread "Cache worker for journal cache (C:\Users\ACER\.gradle\caches\journal-1)" [_thread_blocked, id=9696, stack(0x000000001df60000,0x000000001e060000)]
  0x000000001a1ad000 JavaThread "File lock request listener" [_thread_in_native, id=14152, stack(0x000000001de60000,0x000000001df60000)]
  0x000000001a1ac800 JavaThread "Cache worker for file hash cache (C:\Users\ACER\.gradle\caches\5.6.4\fileHashes)" [_thread_blocked, id=5284, stack(0x000000001db60000,0x000000001dc60000)]
  0x000000001bcbd800 JavaThread "Daemon periodic checks" [_thread_blocked, id=7672, stack(0x000000001d060000,0x000000001d160000)]
  0x000000001bc7e800 JavaThread "Incoming local TCP Connector on port 53591" [_thread_in_native, id=6292, stack(0x000000001ce10000,0x000000001cf10000)]
  0x000000001a0e1800 JavaThread "Daemon health stats" [_thread_blocked, id=6508, stack(0x000000001c7d0000,0x000000001c8d0000)]
  0x000000001845b000 JavaThread "Service Thread" daemon [_thread_blocked, id=9884, stack(0x0000000019e30000,0x0000000019f30000)]
  0x00000000183dd000 JavaThread "C1 CompilerThread3" daemon [_thread_blocked, id=12732, stack(0x0000000019d30000,0x0000000019e30000)]
=>0x00000000183d2800 JavaThread "C2 CompilerThread2" daemon [_thread_in_native, id=13376, stack(0x0000000019c30000,0x0000000019d30000)]
  0x00000000183d1800 JavaThread "C2 CompilerThread1" daemon [_thread_in_native, id=13116, stack(0x0000000019b30000,0x0000000019c30000)]
  0x00000000183ca000 JavaThread "C2 CompilerThread0" daemon [_thread_blocked, id=8644, stack(0x0000000019a30000,0x0000000019b30000)]
  0x00000000183c8000 JavaThread "Attach Listener" daemon [_thread_blocked, id=8720, stack(0x0000000019930000,0x0000000019a30000)]
  0x00000000183d8000 JavaThread "Signal Dispatcher" daemon [_thread_blocked, id=4696, stack(0x0000000019830000,0x0000000019930000)]
  0x0000000002d1b800 JavaThread "Finalizer" daemon [_thread_blocked, id=4304, stack(0x0000000019630000,0x0000000019730000)]
  0x00000000183c3000 JavaThread "Reference Handler" daemon [_thread_blocked, id=14460, stack(0x0000000019530000,0x0000000019630000)]
  0x0000000002c22800 JavaThread "main" [_thread_blocked, id=11896, stack(0x0000000002a90000,0x0000000002b90000)]

Other Threads:
  0x0000000016cd6800 VMThread [stack: 0x0000000019430000,0x0000000019530000] [id=1640]
  0x0000000018489000 WatcherThread [stack: 0x0000000019f30000,0x000000001a030000] [id=3100]

VM state:not at safepoint (normal execution)

VM Mutex/Monitor currently owned by a thread: None

Heap:
 PSYoungGen      total 484352K, used 337164K [0x00000000e0000000, 0x0000000100000000, 0x0000000100000000)
  eden space 457728K, 67% used [0x00000000e0000000,0x00000000f2f443c8,0x00000000fbf00000)
  from space 26624K, 99% used [0x00000000fe600000,0x00000000ffffecd8,0x0000000100000000)
  to   space 33280K, 0% used [0x00000000fbf00000,0x00000000fbf00000,0x00000000fdf80000)
 ParOldGen       total 123392K, used 44817K [0x00000000a0000000, 0x00000000a7880000, 0x00000000e0000000)
  object space 123392K, 36% used [0x00000000a0000000,0x00000000a2bc45b0,0x00000000a7880000)
 Metaspace       used 86768K, capacity 91496K, committed 91736K, reserved 1128448K
  class space    used 11507K, capacity 12366K, committed 12416K, reserved 1048576K

Card table byte_map: [0x00000000120e0000,0x00000000123f0000] byte_map_base: 0x0000000011be0000

Marking Bits: (ParMarkBitMap*) 0x00000000624d3e30
 Begin Bits: [0x0000000012ff0000, 0x00000000147f0000)
 End Bits:   [0x00000000147f0000, 0x0000000015ff0000)

Polling page: 0x0000000001230000

CodeCache: size=245760Kb used=37010Kb max_used=37026Kb free=208749Kb
 bounds [0x0000000002d20000, 0x0000000005180000, 0x0000000011d20000]
 total_blobs=11752 nmethods=10872 adapters=789
 compilation: enabled

Compilation events (10 events):
Event: 125.643 Thread 0x00000000183ca000 13120       4       org.gradle.internal.fingerprint.impl.DefaultFileSystemLocationFingerprint::<init> (19 bytes)
Event: 125.645 Thread 0x00000000183ca000 nmethod 13120 0x00000000051665d0 code [0x0000000005166720, 0x0000000005166838]
Event: 125.714 Thread 0x00000000183dd000 13121       3       org.gradle.internal.fingerprint.impl.IgnoredPathFileSystemLocationFingerprint::create (64 bytes)
Event: 125.715 Thread 0x00000000183dd000 nmethod 13121 0x0000000005174550 code [0x00000000051746e0, 0x0000000005174b28]
Event: 125.715 Thread 0x00000000183dd000 13122       3       org.gradle.internal.fingerprint.classpath.impl.ClasspathFingerprintingStrategy::fingerprintRootFile (28 bytes)
Event: 125.716 Thread 0x00000000183dd000 nmethod 13122 0x0000000005173d90 code [0x0000000005173f20, 0x00000000051743c8]
Event: 125.716 Thread 0x00000000183dd000 13123       3       org.gradle.internal.fingerprint.classpath.impl.ClasspathFingerprintingStrategy::fingerprintZipContents (19 bytes)
Event: 125.716 Thread 0x00000000183dd000 nmethod 13123 0x0000000005173910 code [0x0000000005173a80, 0x0000000005173ca8]
Event: 125.727 Thread 0x00000000183ca000 13124       4       org.gradle.api.internal.changedetection.state.ZipHasher::fingerprintZipEntries (209 bytes)
Event: 125.766 Thread 0x00000000183ca000 nmethod 13124 0x0000000005177950 code [0x0000000005177c40, 0x0000000005179130]

GC Heap History (10 events):
Event: 23.418 GC heap before
{Heap before GC invocations=17 (full 2):
 PSYoungGen      total 508416K, used 493568K [0x00000000e0000000, 0x0000000100000000, 0x0000000100000000)
  eden space 493568K, 100% used [0x00000000e0000000,0x00000000fe200000,0x00000000fe200000)
  from space 14848K, 0% used [0x00000000ff180000,0x00000000ff180000,0x0000000100000000)
  to   space 15360K, 0% used [0x00000000fe200000,0x00000000fe200000,0x00000000ff100000)
 ParOldGen       total 81408K, used 14838K [0x00000000a0000000, 0x00000000a4f80000, 0x00000000e0000000)
  object space 81408K, 18% used [0x00000000a0000000,0x00000000a0e7dba8,0x00000000a4f80000)
 Metaspace       used 46879K, capacity 48098K, committed 48216K, reserved 1091584K
  class space    used 6180K, capacity 6506K, committed 6528K, reserved 1048576K
Event: 23.440 GC heap after
Heap after GC invocations=17 (full 2):
 PSYoungGen      total 508928K, used 15331K [0x00000000e0000000, 0x0000000100000000, 0x0000000100000000)
  eden space 493568K, 0% used [0x00000000e0000000,0x00000000e0000000,0x00000000fe200000)
  from space 15360K, 99% used [0x00000000fe200000,0x00000000ff0f8e20,0x00000000ff100000)
  to   space 15360K, 0% used [0x00000000ff100000,0x00000000ff100000,0x0000000100000000)
 ParOldGen       total 81408K, used 18576K [0x00000000a0000000, 0x00000000a4f80000, 0x00000000e0000000)
  object space 81408K, 22% used [0x00000000a0000000,0x00000000a1224278,0x00000000a4f80000)
 Metaspace       used 46879K, capacity 48098K, committed 48216K, reserved 1091584K
  class space    used 6180K, capacity 6506K, committed 6528K, reserved 1048576K
}
Event: 26.012 GC heap before
{Heap before GC invocations=18 (full 2):
 PSYoungGen      total 508928K, used 474222K [0x00000000e0000000, 0x0000000100000000, 0x0000000100000000)
  eden space 493568K, 92% used [0x00000000e0000000,0x00000000fc022b18,0x00000000fe200000)
  from space 15360K, 99% used [0x00000000fe200000,0x00000000ff0f8e20,0x00000000ff100000)
  to   space 15360K, 0% used [0x00000000ff100000,0x00000000ff100000,0x0000000100000000)
 ParOldGen       total 81408K, used 18576K [0x00000000a0000000, 0x00000000a4f80000, 0x00000000e0000000)
  object space 81408K, 22% used [0x00000000a0000000,0x00000000a1224278,0x00000000a4f80000)
 Metaspace       used 57407K, capacity 59002K, committed 59028K, reserved 1099776K
  class space    used 7546K, capacity 7915K, committed 7936K, reserved 1048576K
Event: 26.040 GC heap after
Heap after GC invocations=18 (full 2):
 PSYoungGen      total 490496K, used 15340K [0x00000000e0000000, 0x0000000100000000, 0x0000000100000000)
  eden space 475136K, 0% used [0x00000000e0000000,0x00000000e0000000,0x00000000fd000000)
  from space 15360K, 99% used [0x00000000ff100000,0x00000000ffffb3f0,0x0000000100000000)
  to   space 24576K, 0% used [0x00000000fd000000,0x00000000fd000000,0x00000000fe800000)
 ParOldGen       total 81408K, used 29395K [0x00000000a0000000, 0x00000000a4f80000, 0x00000000e0000000)
  object space 81408K, 36% used [0x00000000a0000000,0x00000000a1cb4c18,0x00000000a4f80000)
 Metaspace       used 57407K, capacity 59002K, committed 59028K, reserved 1099776K
  class space    used 7546K, capacity 7915K, committed 7936K, reserved 1048576K
}
Event: 26.040 GC heap before
{Heap before GC invocations=19 (full 3):
 PSYoungGen      total 490496K, used 15340K [0x00000000e0000000, 0x0000000100000000, 0x0000000100000000)
  eden space 475136K, 0% used [0x00000000e0000000,0x00000000e0000000,0x00000000fd000000)
  from space 15360K, 99% used [0x00000000ff100000,0x00000000ffffb3f0,0x0000000100000000)
  to   space 24576K, 0% used [0x00000000fd000000,0x00000000fd000000,0x00000000fe800000)
 ParOldGen       total 81408K, used 29395K [0x00000000a0000000, 0x00000000a4f80000, 0x00000000e0000000)
  object space 81408K, 36% used [0x00000000a0000000,0x00000000a1cb4c18,0x00000000a4f80000)
 Metaspace       used 57407K, capacity 59002K, committed 59028K, reserved 1099776K
  class space    used 7546K, capacity 7915K, committed 7936K, reserved 1048576K
Event: 26.270 GC heap after
Heap after GC invocations=19 (full 3):
 PSYoungGen      total 490496K, used 0K [0x00000000e0000000, 0x0000000100000000, 0x0000000100000000)
  eden space 475136K, 0% used [0x00000000e0000000,0x00000000e0000000,0x00000000fd000000)
  from space 15360K, 0% used [0x00000000ff100000,0x00000000ff100000,0x0000000100000000)
  to   space 24576K, 0% used [0x00000000fd000000,0x00000000fd000000,0x00000000fe800000)
 ParOldGen       total 123392K, used 38868K [0x00000000a0000000, 0x00000000a7880000, 0x00000000e0000000)
  object space 123392K, 31% used [0x00000000a0000000,0x00000000a25f5360,0x00000000a7880000)
 Metaspace       used 57296K, capacity 58720K, committed 59028K, reserved 1099776K
  class space    used 7516K, capacity 7876K, committed 7936K, reserved 1048576K
}
Event: 38.994 GC heap before
{Heap before GC invocations=20 (full 3):
 PSYoungGen      total 490496K, used 475136K [0x00000000e0000000, 0x0000000100000000, 0x0000000100000000)
  eden space 475136K, 100% used [0x00000000e0000000,0x00000000fd000000,0x00000000fd000000)
  from space 15360K, 0% used [0x00000000ff100000,0x00000000ff100000,0x0000000100000000)
  to   space 24576K, 0% used [0x00000000fd000000,0x00000000fd000000,0x00000000fe800000)
 ParOldGen       total 123392K, used 38868K [0x00000000a0000000, 0x00000000a7880000, 0x00000000e0000000)
  object space 123392K, 31% used [0x00000000a0000000,0x00000000a25f5360,0x00000000a7880000)
 Metaspace       used 72955K, capacity 75256K, committed 75480K, reserved 1114112K
  class space    used 9828K, capacity 10371K, committed 10496K, reserved 1048576K
Event: 39.019 GC heap after
Heap after GC invocations=20 (full 3):
 PSYoungGen      total 495616K, used 20436K [0x00000000e0000000, 0x0000000100000000, 0x0000000100000000)
  eden space 475136K, 0% used [0x00000000e0000000,0x00000000e0000000,0x00000000fd000000)
  from space 20480K, 99% used [0x00000000fd000000,0x00000000fe3f5070,0x00000000fe400000)
  to   space 26624K, 0% used [0x00000000fe600000,0x00000000fe600000,0x0000000100000000)
 ParOldGen       total 123392K, used 38876K [0x00000000a0000000, 0x00000000a7880000, 0x00000000e0000000)
  object space 123392K, 31% used [0x00000000a0000000,0x00000000a25f7360,0x00000000a7880000)
 Metaspace       used 72955K, capacity 75256K, committed 75480K, reserved 1114112K
  class space    used 9828K, capacity 10371K, committed 10496K, reserved 1048576K
}
Event: 42.991 GC heap before
{Heap before GC invocations=21 (full 3):
 PSYoungGen      total 495616K, used 495572K [0x00000000e0000000, 0x0000000100000000, 0x0000000100000000)
  eden space 475136K, 100% used [0x00000000e0000000,0x00000000fd000000,0x00000000fd000000)
  from space 20480K, 99% used [0x00000000fd000000,0x00000000fe3f5070,0x00000000fe400000)
  to   space 26624K, 0% used [0x00000000fe600000,0x00000000fe600000,0x0000000100000000)
 ParOldGen       total 123392K, used 38876K [0x00000000a0000000, 0x00000000a7880000, 0x00000000e0000000)
  object space 123392K, 31% used [0x00000000a0000000,0x00000000a25f7360,0x00000000a7880000)
 Metaspace       used 79827K, capacity 83916K, committed 84056K, reserved 1122304K
  class space    used 10809K, capacity 11567K, committed 11648K, reserved 1048576K
Event: 43.026 GC heap after
Heap after GC invocations=21 (full 3):
 PSYoungGen      total 484352K, used 26619K [0x00000000e0000000, 0x0000000100000000, 0x0000000100000000)
  eden space 457728K, 0% used [0x00000000e0000000,0x00000000e0000000,0x00000000fbf00000)
  from space 26624K, 99% used [0x00000000fe600000,0x00000000ffffecd8,0x0000000100000000)
  to   space 33280K, 0% used [0x00000000fbf00000,0x00000000fbf00000,0x00000000fdf80000)
 ParOldGen       total 123392K, used 44817K [0x00000000a0000000, 0x00000000a7880000, 0x00000000e0000000)
  object space 123392K, 36% used [0x00000000a0000000,0x00000000a2bc45b0,0x00000000a7880000)
 Metaspace       used 79827K, capacity 83916K, committed 84056K, reserved 1122304K
  class space    used 10809K, capacity 11567K, committed 11648K, reserved 1048576K
}

Deoptimization events (10 events):
Event: 124.929 Thread 0x00000000214b1800 Uncommon trap: reason=bimorphic action=maybe_recompile pc=0x00000000030df12c method=java.io.BufferedOutputStream.flushBuffer()V @ 20
Event: 124.930 Thread 0x00000000214ad000 Uncommon trap: reason=bimorphic action=maybe_recompile pc=0x0000000004ce40c0 method=java.io.BufferedOutputStream.flushBuffer()V @ 20
Event: 124.934 Thread 0x00000000214b3000 Uncommon trap: reason=bimorphic action=maybe_recompile pc=0x0000000004d81da4 method=java.io.BufferedOutputStream.flushBuffer()V @ 20
Event: 124.946 Thread 0x000000001b46a800 Uncommon trap: reason=bimorphic action=maybe_recompile pc=0x0000000004ddcb34 method=java.io.BufferedOutputStream.flushBuffer()V @ 20
Event: 124.977 Thread 0x000000001b46a800 Uncommon trap: reason=unstable_if action=reinterpret pc=0x0000000004af0744 method=java.util.concurrent.ConcurrentHashMap.sumCount()J @ 30
Event: 125.170 Thread 0x00000000214b4800 Uncommon trap: reason=null_check action=make_not_entrant pc=0x000000000510faf4 method=org.gradle.tooling.internal.provider.runner.SubtreeFilteringBuildOperationListener.finished(Lorg/gradle/internal/operations/BuildOperationDescriptor;Lorg/gradle/internal
Event: 125.313 Thread 0x00000000214ae800 Uncommon trap: reason=class_check action=maybe_recompile pc=0x000000000508ae94 method=com.google.common.base.CharMatcher.indexIn(Ljava/lang/CharSequence;I)I @ 31
Event: 125.323 Thread 0x00000000214ae800 Uncommon trap: reason=class_check action=maybe_recompile pc=0x000000000508ae94 method=com.google.common.base.CharMatcher.indexIn(Ljava/lang/CharSequence;I)I @ 31
Event: 125.364 Thread 0x00000000214b6000 Uncommon trap: reason=class_check action=maybe_recompile pc=0x000000000508ae94 method=com.google.common.base.CharMatcher.indexIn(Ljava/lang/CharSequence;I)I @ 31
Event: 125.364 Thread 0x00000000214b6000 Uncommon trap: reason=class_check action=maybe_recompile pc=0x000000000508ae94 method=com.google.common.base.CharMatcher.indexIn(Ljava/lang/CharSequence;I)I @ 31

Classes redefined (0 events):
No events

Internal exceptions (10 events):
Event: 125.170 Thread 0x00000000214b4800 Implicit null exception at 0x000000000510f823 to 0x000000000510fae9
Event: 125.259 Thread 0x000000001b465000 Exception <a 'java/lang/NoSuchMethodError': <clinit>> (0x00000000ea619a50) thrown at [C:\re\workspace\8-2-build-windows-amd64-cygwin\jdk8u191\11896\hotspot\src\share\vm\prims\jni.cpp, line 1613]
Event: 125.259 Thread 0x000000001b465000 Exception <a 'java/lang/NoSuchMethodError': <clinit>> (0x00000000ea61bd28) thrown at [C:\re\workspace\8-2-build-windows-amd64-cygwin\jdk8u191\11896\hotspot\src\share\vm\prims\jni.cpp, line 1613]
Event: 125.260 Thread 0x000000001b465000 Exception <a 'java/lang/NoSuchMethodError': <clinit>> (0x00000000ea628058) thrown at [C:\re\workspace\8-2-build-windows-amd64-cygwin\jdk8u191\11896\hotspot\src\share\vm\prims\jni.cpp, line 1613]
Event: 125.261 Thread 0x000000001b465000 Exception <a 'java/lang/NoSuchMethodError': <clinit>> (0x00000000ea6324d0) thrown at [C:\re\workspace\8-2-build-windows-amd64-cygwin\jdk8u191\11896\hotspot\src\share\vm\prims\jni.cpp, line 1613]
Event: 125.262 Thread 0x000000001b465000 Exception <a 'java/lang/NoSuchMethodError': <clinit>> (0x00000000ea63b228) thrown at [C:\re\workspace\8-2-build-windows-amd64-cygwin\jdk8u191\11896\hotspot\src\share\vm\prims\jni.cpp, line 1613]
Event: 125.357 Thread 0x000000001b465000 Exception <a 'java/lang/NoSuchMethodError': <clinit>> (0x00000000ea645c08) thrown at [C:\re\workspace\8-2-build-windows-amd64-cygwin\jdk8u191\11896\hotspot\src\share\vm\prims\jni.cpp, line 1613]
Event: 125.367 Thread 0x000000001b465000 Exception <a 'java/lang/NoSuchMethodError': <clinit>> (0x00000000ea65d338) thrown at [C:\re\workspace\8-2-build-windows-amd64-cygwin\jdk8u191\11896\hotspot\src\share\vm\prims\jni.cpp, line 1613]
Event: 125.367 Thread 0x000000001b465000 Exception <a 'java/lang/NoSuchMethodError': <clinit>> (0x00000000ea65ee50) thrown at [C:\re\workspace\8-2-build-windows-amd64-cygwin\jdk8u191\11896\hotspot\src\share\vm\prims\jni.cpp, line 1613]
Event: 125.368 Thread 0x000000001b465000 Exception <a 'java/lang/NoSuchMethodError': <clinit>> (0x00000000ea660ce0) thrown at [C:\re\workspace\8-2-build-windows-amd64-cygwin\jdk8u191\11896\hotspot\src\share\vm\prims\jni.cpp, line 1613]

Events (10 events):
Event: 125.521 loading class org/gradle/api/internal/tasks/execution/ExecuteActionsTaskExecuter$4
Event: 125.521 loading class org/gradle/api/internal/tasks/execution/ExecuteActionsTaskExecuter$4 done
Event: 125.522 loading class org/gradle/api/internal/tasks/execution/ExecuteActionsTaskExecuter$4$2
Event: 125.522 loading class org/gradle/api/internal/tasks/execution/ExecuteActionsTaskExecuter$4$2 done
Event: 125.522 loading class org/gradle/api/internal/tasks/execution/ExecuteActionsTaskExecuter$4$1
Event: 125.522 loading class org/gradle/api/internal/tasks/execution/ExecuteActionsTaskExecuter$4$1 done
Event: 125.524 loading class org/gradle/api/internal/tasks/execution/statistics/TaskExecutionStatisticsEventAdapter$1
Event: 125.524 loading class org/gradle/api/internal/tasks/execution/statistics/TaskExecutionStatisticsEventAdapter$1 done
Event: 125.528 loading class com/google/common/collect/ImmutableList$SerializedForm
Event: 125.528 loading class com/google/common/collect/ImmutableList$SerializedForm done


Dynamic libraries:
0x00007ff70cac0000 - 0x00007ff70caf7000 	C:\Program Files\Java\jdk1.8.0_191\bin\java.exe
0x00007ffe10290000 - 0x00007ffe104a4000 	C:\WINDOWS\SYSTEM32\ntdll.dll
0x00007ffe0ef90000 - 0x00007ffe0f053000 	C:\WINDOWS\System32\KERNEL32.DLL
0x00007ffe0db20000 - 0x00007ffe0debc000 	C:\WINDOWS\System32\KERNELBASE.dll
0x00007ffe0e3e0000 - 0x00007ffe0e48e000 	C:\WINDOWS\System32\ADVAPI32.dll
0x00007ffe0e120000 - 0x00007ffe0e1c7000 	C:\WINDOWS\System32\msvcrt.dll
0x00007ffe0ec20000 - 0x00007ffe0ecc4000 	C:\WINDOWS\System32\sechost.dll
0x00007ffe0f130000 - 0x00007ffe0f245000 	C:\WINDOWS\System32\RPCRT4.dll
0x00007ffe0e1d0000 - 0x00007ffe0e37d000 	C:\WINDOWS\System32\USER32.dll
0x00007ffe0e070000 - 0x00007ffe0e096000 	C:\WINDOWS\System32\win32u.dll
0x00007ffe101b0000 - 0x00007ffe101d9000 	C:\WINDOWS\System32\GDI32.dll
0x00007ffe0d6d0000 - 0x00007ffe0d7e3000 	C:\WINDOWS\System32\gdi32full.dll
0x00007ffe0da80000 - 0x00007ffe0db1a000 	C:\WINDOWS\System32\msvcp_win.dll
0x00007ffe0d7f0000 - 0x00007ffe0d901000 	C:\WINDOWS\System32\ucrtbase.dll
0x00007ffdf79f0000 - 0x00007ffdf7c7e000 	C:\WINDOWS\WinSxS\amd64_microsoft.windows.common-controls_6595b64144ccf1df_6.0.22621.608_none_a9444ca7c10bb01d\COMCTL32.dll
0x00007ffe0f470000 - 0x00007ffe0f4a1000 	C:\WINDOWS\System32\IMM32.DLL
0x0000000062b80000 - 0x0000000062c52000 	C:\Program Files\Java\jdk1.8.0_191\jre\bin\msvcr100.dll
0x0000000061cb0000 - 0x0000000062554000 	C:\Program Files\Java\jdk1.8.0_191\jre\bin\server\jvm.dll
0x00007ffe0ecd0000 - 0x00007ffe0ecd8000 	C:\WINDOWS\System32\PSAPI.DLL
0x00007ffe0aad0000 - 0x00007ffe0aad9000 	C:\WINDOWS\SYSTEM32\WSOCK32.dll
0x00007ffe07010000 - 0x00007ffe07044000 	C:\WINDOWS\SYSTEM32\WINMM.dll
0x00007ffe06b00000 - 0x00007ffe06b0a000 	C:\WINDOWS\SYSTEM32\VERSION.dll
0x00007ffe0e9c0000 - 0x00007ffe0ea31000 	C:\WINDOWS\System32\WS2_32.dll
0x0000000062b70000 - 0x0000000062b7f000 	C:\Program Files\Java\jdk1.8.0_191\jre\bin\verify.dll
0x0000000062b40000 - 0x0000000062b69000 	C:\Program Files\Java\jdk1.8.0_191\jre\bin\java.dll
0x0000000062b20000 - 0x0000000062b36000 	C:\Program Files\Java\jdk1.8.0_191\jre\bin\zip.dll
0x00007ffe0f4b0000 - 0x00007ffe0fca0000 	C:\WINDOWS\System32\SHELL32.dll
0x00007ffe0b6e0000 - 0x00007ffe0bfae000 	C:\WINDOWS\SYSTEM32\windows.storage.dll
0x00007ffe0e630000 - 0x00007ffe0e9b9000 	C:\WINDOWS\System32\combase.dll
0x00007ffe0b5a0000 - 0x00007ffe0b6de000 	C:\WINDOWS\SYSTEM32\wintypes.dll
0x00007ffe0eb20000 - 0x00007ffe0ec11000 	C:\WINDOWS\System32\SHCORE.dll
0x00007ffe101f0000 - 0x00007ffe1024e000 	C:\WINDOWS\System32\shlwapi.dll
0x00007ffe0d600000 - 0x00007ffe0d621000 	C:\WINDOWS\SYSTEM32\profapi.dll
0x0000000062b00000 - 0x0000000062b1a000 	C:\Program Files\Java\jdk1.8.0_191\jre\bin\net.dll
0x00007ffe0cc80000 - 0x00007ffe0cce9000 	C:\WINDOWS\system32\mswsock.dll
0x0000000062ae0000 - 0x0000000062af1000 	C:\Program Files\Java\jdk1.8.0_191\jre\bin\nio.dll
0x00007ffdfd470000 - 0x00007ffdfd496000 	C:\Users\ACER\.gradle\native\30\windows-amd64\native-platform.dll
0x0000000062ad0000 - 0x0000000062add000 	C:\Program Files\Java\jdk1.8.0_191\jre\bin\management.dll
0x00007ffe0cee0000 - 0x00007ffe0cefb000 	C:\WINDOWS\SYSTEM32\CRYPTSP.dll
0x00007ffe0c780000 - 0x00007ffe0c7b5000 	C:\WINDOWS\system32\rsaenh.dll
0x00007ffe0cd80000 - 0x00007ffe0cda8000 	C:\WINDOWS\SYSTEM32\USERENV.dll
0x00007ffe0d080000 - 0x00007ffe0d0a8000 	C:\WINDOWS\SYSTEM32\bcrypt.dll
0x00007ffe0df30000 - 0x00007ffe0dfab000 	C:\WINDOWS\System32\bcryptprimitives.dll
0x00007ffe0cf00000 - 0x00007ffe0cf0c000 	C:\WINDOWS\SYSTEM32\CRYPTBASE.dll
0x00007ffe0c270000 - 0x00007ffe0c29d000 	C:\WINDOWS\SYSTEM32\IPHLPAPI.DLL
0x00007ffe0edc0000 - 0x00007ffe0edc9000 	C:\WINDOWS\System32\NSI.dll
0x00007ffe06c20000 - 0x00007ffe06c39000 	C:\WINDOWS\SYSTEM32\dhcpcsvc6.DLL
0x00007ffe06c00000 - 0x00007ffe06c1f000 	C:\WINDOWS\SYSTEM32\dhcpcsvc.DLL
0x00007ffe0c2e0000 - 0x00007ffe0c3d3000 	C:\WINDOWS\SYSTEM32\DNSAPI.dll
0x0000000062aa0000 - 0x0000000062ac4000 	C:\Program Files\Java\jdk1.8.0_191\jre\bin\sunec.dll
0x00007ffe05630000 - 0x00007ffe0563a000 	C:\Windows\System32\rasadhlp.dll
0x00007ffe06860000 - 0x00007ffe068e3000 	C:\WINDOWS\System32\fwpuclnt.dll
0x0000000062a90000 - 0x0000000062a9b000 	C:\Program Files\Java\jdk1.8.0_191\jre\bin\sunmscapi.dll
0x00007ffe0d910000 - 0x00007ffe0da76000 	C:\WINDOWS\System32\CRYPT32.dll
0x00007ffe0c830000 - 0x00007ffe0c864000 	C:\WINDOWS\SYSTEM32\ntmarta.dll

VM Arguments:
jvm_args: -Xmx1536m -Dfile.encoding=windows-1252 -Duser.country=US -Duser.language=en -Duser.variant 
java_command: org.gradle.launcher.daemon.bootstrap.GradleDaemon 5.6.4
java_class_path (initial): C:\Users\ACER\.gradle\wrapper\dists\gradle-5.6.4-all\ankdp27end7byghfw1q2sw75f\gradle-5.6.4\lib\gradle-launcher-5.6.4.jar
Launcher Type: SUN_STANDARD

Environment Variables:
JAVA_HOME=C:\Program Files\Java\jdk-16.0.1
PATH=C:\Program Files\Microsoft MPI\Bin\;C:\Program Files (x86)\Common Files\Oracle\Java\javapath;G:\vmw\bin\;C:\Program Files\Common Files\Oracle\Java\javapath;C:\Windows\system32;C:\Windows;C:\Windows\System32\Wbem;C:\Windows\System32\WindowsPowerShell\v1.0\;C:\Windows\System32\OpenSSH\;C:\Program Files (x86)\Intel\Intel(R) Management Engine Components\DAL;C:\Program Files\Intel\Intel(R) Management Engine Components\DAL;C:\Program Files (x86)\NVIDIA Corporation\PhysX\Common;C:\Program Files\NVIDIA Corporation\NVIDIA NvDLISR;C:\WINDOWS\system32;C:\WINDOWS;C:\WINDOWS\System32\Wbem;C:\WINDOWS\System32\WindowsPowerShell\v1.0\;C:\WINDOWS\System32\OpenSSH\;C:\Program Files\nodejs\;C:\Program Files (x86)\Dev-Cpp\MinGW64\bin;C:\Program Files\Git\cmd;C:\Program Files\Java\jdk1.8.0_191\bin;C:\Program Files\apache-maven-3.6.0\bin;C:\Program Files\Cloudflare\Cloudflare WARP\;C:\Users\ACER\AppData\Local\Programs\Python\Python310;C:\Program Files\Azure Data Studio\bin;C:\Program Files\Microsoft SQL Server\Client SDK\ODBC\170\Tools\Binn\;C:\Program Files (x86)\Microsoft SQL Server\150\Tools\Binn\;C:\Program Files\Microsoft SQL Server\150\Tools\Binn\;C:\Program Files\Microsoft SQL Server\150\DTS\Binn\;C:\Users\ACER\AppData\Local\Programs\Python\Python310\Scripts\;C:\Users\ACER\AppData\Local\Programs\Python\Python310\;C:\Users\ACER\AppData\Local\Microsoft\WindowsApps;C:\Users\ACER\AppData\Local\Programs\Microsoft VS Code\bin;C:\Users\ACER\AppData\Roaming\npm;C:\Program Files\heroku\bin;G:\PyCharm Community Edition 2021.3.2\bin;;C:\Program Files\Azure Data Studio\bin;C:\srcflutter\flutter\bin;
USERNAME=ACER
OS=Windows_NT
PROCESSOR_IDENTIFIER=Intel64 Family 6 Model 158 Stepping 10, GenuineIntel



---------------  S Y S T E M  ---------------

OS: Windows 10.0 , 64 bit Build 22621 (10.0.22621.1344)

CPU:total 12 (initial active 12) (6 cores per cpu, 2 threads per core) family 6 model 158 stepping 10, cmov, cx8, fxsr, mmx, sse, sse2, sse3, ssse3, sse4.1, sse4.2, popcnt, avx, avx2, aes, clmul, erms, 3dnowpref, lzcnt, ht, tsc, tscinvbit, bmi1, bmi2, adx

Memory: 4k page, physical 8233204k(128332k free), swap 14633200k(1488k free)

vm_info: Java HotSpot(TM) 64-Bit Server VM (25.191-b12) for windows-amd64 JRE (1.8.0_191-b12), built on Oct  6 2018 09:29:03 by "java_re" with MS VC++ 10.0 (VS2010)

time: Wed Apr 12 15:02:32 2023
elapsed time: 125 seconds (0d 0h 2m 5s)

